# JRE version: Java(TM) SE Runtime Environment (7.0_51-b13) (build 1.7.0_51-b13)
# Java VM: Java HotSpot(TM) 64-Bit Server VM (24.51-b03 mixed mode linux-amd64 compressed oops)
Heap
 PSYoungGen      total 55808K, used 7661K [0x00000007c2000000, 0x00000007c8d00000, 0x0000000800000000)
  eden space 48128K, 0% used [0x00000007c2000000,0x00000007c2000000,0x00000007c4f00000)
  from space 7680K, 99% used [0x00000007c4f00000,0x00000007c567b780,0x00000007c5680000)
  to   space 7680K, 0% used [0x00000007c8580000,0x00000007c8580000,0x00000007c8d00000)
 ParOldGen       total 126976K, used 12455K [0x0000000746000000, 0x000000074dc00000, 0x00000007c2000000)
  object space 126976K, 9% used [0x0000000746000000,0x0000000746c29ea8,0x000000074dc00000)
 PSPermGen       total 23552K, used 23265K [0x0000000740e00000, 0x0000000742500000, 0x0000000746000000)
  object space 23552K, 98% used [0x0000000740e00000,0x00000007424b84b0,0x0000000742500000)
GC Heap History (10 events):
Event: 0,829 GC heap after
Heap after GC invocations=1 (full 0):
 PSYoungGen      total 55808K, used 7661K [0x00000007c2000000, 0x00000007c5e00000, 0x0000000800000000)
  eden space 48128K, 0% used [0x00000007c2000000,0x00000007c2000000,0x00000007c4f00000)
  from space 7680K, 99% used [0x00000007c4f00000,0x00000007c567b518,0x00000007c5680000)
  to   space 7680K, 0% used [0x00000007c5680000,0x00000007c5680000,0x00000007c5e00000)
 ParOldGen       total 126976K, used 474K [0x0000000746000000, 0x000000074dc00000, 0x00000007c2000000)
  object space 126976K, 0% used [0x0000000746000000,0x0000000746076a90,0x000000074dc00000)
 PSPermGen       total 21504K, used 9874K [0x0000000740e00000, 0x0000000742300000, 0x0000000746000000)
  object space 21504K, 45% used [0x0000000740e00000,0x00000007417a4b68,0x0000000742300000)
}
Event: 1,635 GC heap before
{Heap before GC invocations=2 (full 0):
 PSYoungGen      total 55808K, used 55789K [0x00000007c2000000, 0x00000007c5e00000, 0x0000000800000000)
  eden space 48128K, 100% used [0x00000007c2000000,0x00000007c4f00000,0x00000007c4f00000)
  from space 7680K, 99% used [0x00000007c4f00000,0x00000007c567b518,0x00000007c5680000)
  to   space 7680K, 0% used [0x00000007c5680000,0x00000007c5680000,0x00000007c5e00000)
 ParOldGen       total 126976K, used 474K [0x0000000746000000, 0x000000074dc00000, 0x00000007c2000000)
  object space 126976K, 0% used [0x0000000746000000,0x0000000746076a90,0x000000074dc00000)
 PSPermGen       total 21504K, used 13605K [0x0000000740e00000, 0x0000000742300000, 0x0000000746000000)
  object space 21504K, 63% used [0x0000000740e00000,0x0000000741b49778,0x0000000742300000)
Event: 1,642 GC heap after
Heap after GC invocations=2 (full 0):
 PSYoungGen      total 55808K, used 7653K [0x00000007c2000000, 0x00000007c5e00000, 0x0000000800000000)
  eden space 48128K, 0% used [0x00000007c2000000,0x00000007c2000000,0x00000007c4f00000)
  from space 7680K, 99% used [0x00000007c5680000,0x00000007c5df9440,0x00000007c5e00000)
  to   space 7680K, 0% used [0x00000007c4f00000,0x00000007c4f00000,0x00000007c5680000)
 ParOldGen       total 126976K, used 808K [0x0000000746000000, 0x000000074dc00000, 0x00000007c2000000)
  object space 126976K, 0% used [0x0000000746000000,0x00000007460ca198,0x000000074dc00000)
 PSPermGen       total 21504K, used 13605K [0x0000000740e00000, 0x0000000742300000, 0x0000000746000000)
  object space 21504K, 63% used [0x0000000740e00000,0x0000000741b49778,0x0000000742300000)
}
Event: 2,515 GC heap before
{Heap before GC invocations=3 (full 0):
 PSYoungGen      total 55808K, used 55781K [0x00000007c2000000, 0x00000007c5e00000, 0x0000000800000000)
  eden space 48128K, 100% used [0x00000007c2000000,0x00000007c4f00000,0x00000007c4f00000)
  from space 7680K, 99% used [0x00000007c5680000,0x00000007c5df9440,0x00000007c5e00000)
  to   space 7680K, 0% used [0x00000007c4f00000,0x00000007c4f00000,0x00000007c5680000)
 ParOldGen       total 126976K, used 808K [0x0000000746000000, 0x000000074dc00000, 0x00000007c2000000)
  object space 126976K, 0% used [0x0000000746000000,0x00000007460ca198,0x000000074dc00000)
 PSPermGen       total 21504K, used 20861K [0x0000000740e00000, 0x0000000742300000, 0x0000000746000000)
  object space 21504K, 97% used [0x0000000740e00000,0x000000074225f520,0x0000000742300000)
Event: 2,525 GC heap after
Heap after GC invocations=3 (full 0):
 PSYoungGen      total 55808K, used 7661K [0x00000007c2000000, 0x00000007c5e00000, 0x0000000800000000)
  eden space 48128K, 0% used [0x00000007c2000000,0x00000007c2000000,0x00000007c4f00000)
  from space 7680K, 99% used [0x00000007c4f00000,0x00000007c567b780,0x00000007c5680000)
  to   space 7680K, 0% used [0x00000007c5680000,0x00000007c5680000,0x00000007c5e00000)
 ParOldGen       total 126976K, used 8130K [0x0000000746000000, 0x000000074dc00000, 0x00000007c2000000)
  object space 126976K, 6% used [0x0000000746000000,0x00000007467f0b78,0x000000074dc00000)
 PSPermGen       total 21504K, used 20861K [0x0000000740e00000, 0x0000000742300000, 0x0000000746000000)
  object space 21504K, 97% used [0x0000000740e00000,0x000000074225f520,0x0000000742300000)
}
Event: 3,172 GC heap before
{Heap before GC invocations=4 (full 0):
 PSYoungGen      total 55808K, used 55789K [0x00000007c2000000, 0x00000007c5e00000, 0x0000000800000000)
  eden space 48128K, 100% used [0x00000007c2000000,0x00000007c4f00000,0x00000007c4f00000)
  from space 7680K, 99% used [0x00000007c4f00000,0x00000007c567b780,0x00000007c5680000)
  to   space 7680K, 0% used [0x00000007c5680000,0x00000007c5680000,0x00000007c5e00000)
 ParOldGen       total 126976K, used 8130K [0x0000000746000000, 0x000000074dc00000, 0x00000007c2000000)
  object space 126976K, 6% used [0x0000000746000000,0x00000007467f0b78,0x000000074dc00000)
 PSPermGen       total 23552K, used 23042K [0x0000000740e00000, 0x0000000742500000, 0x0000000746000000)
  object space 23552K, 97% used [0x0000000740e00000,0x0000000742480ad0,0x0000000742500000)
Event: 3,183 GC heap after
Heap after GC invocations=4 (full 0):
 PSYoungGen      total 55808K, used 7677K [0x00000007c2000000, 0x00000007c8d00000, 0x0000000800000000)
  eden space 48128K, 0% used [0x00000007c2000000,0x00000007c2000000,0x00000007c4f00000)
  from space 7680K, 99% used [0x00000007c5680000,0x00000007c5dff790,0x00000007c5e00000)
  to   space 7680K, 0% used [0x00000007c4f00000,0x00000007c4f00000,0x00000007c5680000)
 ParOldGen       total 126976K, used 11878K [0x0000000746000000, 0x000000074dc00000, 0x00000007c2000000)
  object space 126976K, 9% used [0x0000000746000000,0x0000000746b99a18,0x000000074dc00000)
 PSPermGen       total 23552K, used 23042K [0x0000000740e00000, 0x0000000742500000, 0x0000000746000000)
  object space 23552K, 97% used [0x0000000740e00000,0x0000000742480ad0,0x0000000742500000)
}
Event: 3,242 GC heap before
{Heap before GC invocations=5 (full 0):
 PSYoungGen      total 55808K, used 13034K [0x00000007c2000000, 0x00000007c8d00000, 0x0000000800000000)
  eden space 48128K, 11% used [0x00000007c2000000,0x00000007c253b350,0x00000007c4f00000)
  from space 7680K, 99% used [0x00000007c5680000,0x00000007c5dff790,0x00000007c5e00000)
  to   space 7680K, 0% used [0x00000007c4f00000,0x00000007c4f00000,0x00000007c5680000)
 ParOldGen       total 126976K, used 11878K [0x0000000746000000, 0x000000074dc00000, 0x00000007c2000000)
  object space 126976K, 9% used [0x0000000746000000,0x0000000746b99a18,0x000000074dc00000)
 PSPermGen       total 23552K, used 23265K [0x0000000740e00000, 0x0000000742500000, 0x0000000746000000)
  object space 23552K, 98% used [0x0000000740e00000,0x00000007424b84b0,0x0000000742500000)
Event: 3,251 GC heap after
Heap after GC invocations=5 (full 0):
 PSYoungGen      total 55808K, used 7661K [0x00000007c2000000, 0x00000007c8d00000, 0x0000000800000000)
  eden space 48128K, 0% used [0x00000007c2000000,0x00000007c2000000,0x00000007c4f00000)
  from space 7680K, 99% used [0x00000007c4f00000,0x00000007c567b780,0x00000007c5680000)
  to   space 7680K, 0% used [0x00000007c8580000,0x00000007c8580000,0x00000007c8d00000)
 ParOldGen       total 126976K, used 12455K [0x0000000746000000, 0x000000074dc00000, 0x00000007c2000000)
  object space 126976K, 9% used [0x0000000746000000,0x0000000746c29ea8,0x000000074dc00000)
 PSPermGen       total 23552K, used 23265K [0x0000000740e00000, 0x0000000742500000, 0x0000000746000000)
  object space 23552K, 98% used [0x0000000740e00000,0x00000007424b84b0,0x0000000742500000)
}
Event: 3,251 GC heap before
{Heap before GC invocations=6 (full 1):
 PSYoungGen      total 55808K, used 7661K [0x00000007c2000000, 0x00000007c8d00000, 0x0000000800000000)
  eden space 48128K, 0% used [0x00000007c2000000,0x00000007c2000000,0x00000007c4f00000)
  from space 7680K, 99% used [0x00000007c4f00000,0x00000007c567b780,0x00000007c5680000)
  to   space 7680K, 0% used [0x00000007c8580000,0x00000007c8580000,0x00000007c8d00000)
 ParOldGen       total 126976K, used 12455K [0x0000000746000000, 0x000000074dc00000, 0x00000007c2000000)
  object space 126976K, 9% used [0x0000000746000000,0x0000000746c29ea8,0x000000074dc00000)
 PSPermGen       total 23552K, used 23265K [0x0000000740e00000, 0x0000000742500000, 0x0000000746000000)
  object space 23552K, 98% used [0x0000000740e00000,0x00000007424b84b0,0x0000000742500000)

